<?xml version="1.0" encoding="UTF-8"?>
<!-- Generated by org.testng.reporters.JUnitXMLReporter -->
<testsuite ignored="1" hostname="Teena" failures="0" tests="1" name="Default test" time="7.205" errors="0" timestamp="2024-06-07T12:55:22 EDT">
  <testcase classname="com.training.restapi.ApiAutomation" name="getData" time="7.151"/>
  <testcase classname="com.training.restapi.ApiAutomation" name="loginUser" time="0.0">
    <ignored/>
  </testcase> <!-- loginUser -->
</testsuite> <!-- Default test -->
