<?xml version="1.0" encoding="UTF-8"?>
<!-- Generated by org.testng.reporters.JUnitXMLReporter -->
<testsuite ignored="0" hostname="Teena_HP" failures="0" tests="3" name="Default test" time="17.575" errors="0" timestamp="2024-09-07T18:47:21 CDT">
  <testcase classname="com.training.restapi.ApiAutomationPrac" name="getData" time="16.554"/>
  <testcase classname="com.training.restapi.ApiAutomationPrac" name="loginUser" time="0.795"/>
  <testcase classname="com.training.restapi.ApiAutomationPrac" name="logout" time="0.196"/>
</testsuite> <!-- Default test -->
