<?xml version="1.0" encoding="UTF-8"?>
<!-- Generated by org.testng.reporters.JUnitXMLReporter -->
<testsuite ignored="0" hostname="Teena_HP" failures="0" tests="3" name="Test" time="9.702" errors="0" timestamp="2024-09-07T18:06:09 CDT">
  <testcase classname="com.training.restapi.ApiAutomationUsers" name="validateUser" time="2.015"/>
  <testcase classname="com.training.restapi.ApiAutomation" name="getData" time="5.695"/>
  <testcase classname="com.training.restapi.ApiAutomation" name="loginUser" time="1.951"/>
</testsuite> <!-- Test -->
