<?xml version="1.0" encoding="UTF-8"?>
<testng-results ignored="1" total="2" passed="1" failed="0" skipped="0">
  <reporter-output>
  </reporter-output>
  <suite started-at="2024-06-07T12:55:15 EDT" name="Default suite" finished-at="2024-06-07T12:55:22 EDT" duration-ms="7205">
    <groups>
    </groups>
    <test started-at="2024-06-07T12:55:15 EDT" name="Default test" finished-at="2024-06-07T12:55:22 EDT" duration-ms="7205">
      <class name="com.training.restapi.ApiAutomation">
        <test-method signature="getData()[pri:0, instance:com.training.restapi.ApiAutomation@15ff3e9e]" started-at="2024-06-07T12:55:15 EDT" name="getData" finished-at="2024-06-07T12:55:22 EDT" duration-ms="7151" status="PASS">
          <reporter-output>
          </reporter-output>
        </test-method> <!-- getData -->
      </class> <!-- com.training.restapi.ApiAutomation -->
    </test> <!-- Default test -->
  </suite> <!-- Default suite -->
</testng-results>
