<?xml version="1.0" encoding="UTF-8"?>
<testng-results ignored="0" total="2" passed="2" failed="0" skipped="0">
  <reporter-output>
  </reporter-output>
  <suite started-at="2024-04-23T07:23:59 EDT" name="Default suite" finished-at="2024-04-23T07:24:12 EDT" duration-ms="13296">
    <groups>
    </groups>
    <test started-at="2024-04-23T07:23:59 EDT" name="Default test" finished-at="2024-04-23T07:24:12 EDT" duration-ms="13296">
      <class name="com.training.restapi.ApiAutomation">
        <test-method signature="getData()[pri:0, instance:com.training.restapi.ApiAutomation@52e6fdee]" started-at="2024-04-23T07:23:59 EDT" name="getData" finished-at="2024-04-23T07:24:12 EDT" duration-ms="13020" status="PASS">
          <reporter-output>
          </reporter-output>
        </test-method> <!-- getData -->
        <test-method signature="loginUser()[pri:0, instance:com.training.restapi.ApiAutomation@52e6fdee]" started-at="2024-04-23T07:24:12 EDT" name="loginUser" finished-at="2024-04-23T07:24:12 EDT" duration-ms="249" status="PASS">
          <reporter-output>
          </reporter-output>
        </test-method> <!-- loginUser -->
      </class> <!-- com.training.restapi.ApiAutomation -->
    </test> <!-- Default test -->
  </suite> <!-- Default suite -->
</testng-results>
